<?xml version="1.0" encoding="UTF-8"?>
<testsuite xmlns:xsi="http://www.w3.org/2001/XMLSchema-instance" xsi:noNamespaceSchemaLocation="https://maven.apache.org/surefire/maven-surefire-plugin/xsd/surefire-test-report-3.0.xsd" version="3.0" name="appiumTest.TestCase.Rough" time="0.929" tests="4" errors="0" skipped="3" failures="1">
  <properties>
    <property name="java.specification.version" value="13"/>
    <property name="sun.jnu.encoding" value="UTF-8"/>
    <property name="java.class.path" value="/Users/netowsolutions/Documents/Parallelscore/Mobile-Automation/mc-appium/target/test-classes:/Users/netowsolutions/Documents/Parallelscore/Mobile-Automation/mc-appium/target/classes:/Users/netowsolutions/.m2/repository/com/microsoft/appcenter/appium-test-extension/1.5/appium-test-extension-1.5.jar:/Users/netowsolutions/.m2/repository/net/sourceforge/streamsupport/streamsupport/1.5.1/streamsupport-1.5.1.jar:/Users/netowsolutions/.m2/repository/org/javassist/javassist/3.20.0-GA/javassist-3.20.0-GA.jar:/Users/netowsolutions/.m2/repository/junit/junit/4.12/junit-4.12.jar:/Users/netowsolutions/.m2/repository/org/hamcrest/hamcrest-core/1.3/hamcrest-core-1.3.jar:/Users/netowsolutions/.m2/repository/org/seleniumhq/selenium/selenium-java/3.141.59/selenium-java-3.141.59.jar:/Users/netowsolutions/.m2/repository/org/seleniumhq/selenium/selenium-api/3.141.59/selenium-api-3.141.59.jar:/Users/netowsolutions/.m2/repository/org/seleniumhq/selenium/selenium-chrome-driver/3.141.59/selenium-chrome-driver-3.141.59.jar:/Users/netowsolutions/.m2/repository/org/seleniumhq/selenium/selenium-edge-driver/3.141.59/selenium-edge-driver-3.141.59.jar:/Users/netowsolutions/.m2/repository/org/seleniumhq/selenium/selenium-firefox-driver/3.141.59/selenium-firefox-driver-3.141.59.jar:/Users/netowsolutions/.m2/repository/org/seleniumhq/selenium/selenium-ie-driver/3.141.59/selenium-ie-driver-3.141.59.jar:/Users/netowsolutions/.m2/repository/org/seleniumhq/selenium/selenium-opera-driver/3.141.59/selenium-opera-driver-3.141.59.jar:/Users/netowsolutions/.m2/repository/org/seleniumhq/selenium/selenium-remote-driver/3.141.59/selenium-remote-driver-3.141.59.jar:/Users/netowsolutions/.m2/repository/org/seleniumhq/selenium/selenium-safari-driver/3.141.59/selenium-safari-driver-3.141.59.jar:/Users/netowsolutions/.m2/repository/org/seleniumhq/selenium/selenium-support/3.141.59/selenium-support-3.141.59.jar:/Users/netowsolutions/.m2/repository/net/bytebuddy/byte-buddy/1.8.15/byte-buddy-1.8.15.jar:/Users/netowsolutions/.m2/repository/org/apache/commons/commons-exec/1.3/commons-exec-1.3.jar:/Users/netowsolutions/.m2/repository/com/google/guava/guava/25.0-jre/guava-25.0-jre.jar:/Users/netowsolutions/.m2/repository/com/google/code/findbugs/jsr305/1.3.9/jsr305-1.3.9.jar:/Users/netowsolutions/.m2/repository/org/checkerframework/checker-compat-qual/2.0.0/checker-compat-qual-2.0.0.jar:/Users/netowsolutions/.m2/repository/com/google/errorprone/error_prone_annotations/2.1.3/error_prone_annotations-2.1.3.jar:/Users/netowsolutions/.m2/repository/com/google/j2objc/j2objc-annotations/1.1/j2objc-annotations-1.1.jar:/Users/netowsolutions/.m2/repository/org/codehaus/mojo/animal-sniffer-annotations/1.14/animal-sniffer-annotations-1.14.jar:/Users/netowsolutions/.m2/repository/com/squareup/okhttp3/okhttp/3.11.0/okhttp-3.11.0.jar:/Users/netowsolutions/.m2/repository/com/squareup/okio/okio/1.14.0/okio-1.14.0.jar:/Users/netowsolutions/.m2/repository/io/appium/java-client/6.0.0/java-client-6.0.0.jar:/Users/netowsolutions/.m2/repository/com/google/code/gson/gson/2.8.4/gson-2.8.4.jar:/Users/netowsolutions/.m2/repository/org/apache/httpcomponents/httpclient/4.5.5/httpclient-4.5.5.jar:/Users/netowsolutions/.m2/repository/org/apache/httpcomponents/httpcore/4.4.9/httpcore-4.4.9.jar:/Users/netowsolutions/.m2/repository/cglib/cglib/3.2.6/cglib-3.2.6.jar:/Users/netowsolutions/.m2/repository/org/ow2/asm/asm/6.0/asm-6.0.jar:/Users/netowsolutions/.m2/repository/org/apache/ant/ant/1.9.6/ant-1.9.6.jar:/Users/netowsolutions/.m2/repository/org/apache/ant/ant-launcher/1.9.6/ant-launcher-1.9.6.jar:/Users/netowsolutions/.m2/repository/commons-validator/commons-validator/1.6/commons-validator-1.6.jar:/Users/netowsolutions/.m2/repository/commons-beanutils/commons-beanutils/1.9.2/commons-beanutils-1.9.2.jar:/Users/netowsolutions/.m2/repository/commons-digester/commons-digester/1.8.1/commons-digester-1.8.1.jar:/Users/netowsolutions/.m2/repository/commons-collections/commons-collections/3.2.2/commons-collections-3.2.2.jar:/Users/netowsolutions/.m2/repository/org/apache/commons/commons-lang3/3.7/commons-lang3-3.7.jar:/Users/netowsolutions/.m2/repository/commons-io/commons-io/2.6/commons-io-2.6.jar:/Users/netowsolutions/.m2/repository/org/springframework/spring-context/5.0.5.RELEASE/spring-context-5.0.5.RELEASE.jar:/Users/netowsolutions/.m2/repository/org/springframework/spring-aop/5.0.5.RELEASE/spring-aop-5.0.5.RELEASE.jar:/Users/netowsolutions/.m2/repository/org/springframework/spring-beans/5.0.5.RELEASE/spring-beans-5.0.5.RELEASE.jar:/Users/netowsolutions/.m2/repository/org/springframework/spring-core/5.0.5.RELEASE/spring-core-5.0.5.RELEASE.jar:/Users/netowsolutions/.m2/repository/org/springframework/spring-jcl/5.0.5.RELEASE/spring-jcl-5.0.5.RELEASE.jar:/Users/netowsolutions/.m2/repository/org/springframework/spring-expression/5.0.5.RELEASE/spring-expression-5.0.5.RELEASE.jar:/Users/netowsolutions/.m2/repository/org/aspectj/aspectjweaver/1.9.1/aspectjweaver-1.9.1.jar:/Users/netowsolutions/.m2/repository/org/openpnp/opencv/3.2.0-1/opencv-3.2.0-1.jar:/Users/netowsolutions/.m2/repository/javax/websocket/javax.websocket-api/1.1/javax.websocket-api-1.1.jar:/Users/netowsolutions/.m2/repository/org/glassfish/tyrus/tyrus-client/1.13.1/tyrus-client-1.13.1.jar:/Users/netowsolutions/.m2/repository/org/glassfish/tyrus/tyrus-core/1.13.1/tyrus-core-1.13.1.jar:/Users/netowsolutions/.m2/repository/org/glassfish/tyrus/tyrus-spi/1.13.1/tyrus-spi-1.13.1.jar:/Users/netowsolutions/.m2/repository/org/glassfish/tyrus/tyrus-container-grizzly/1.2.1/tyrus-container-grizzly-1.2.1.jar:/Users/netowsolutions/.m2/repository/org/glassfish/grizzly/grizzly-framework/2.3.3/grizzly-framework-2.3.3.jar:/Users/netowsolutions/.m2/repository/org/glassfish/grizzly/grizzly-http-server/2.3.3/grizzly-http-server-2.3.3.jar:/Users/netowsolutions/.m2/repository/org/glassfish/grizzly/grizzly-http/2.3.3/grizzly-http-2.3.3.jar:/Users/netowsolutions/.m2/repository/org/glassfish/grizzly/grizzly-rcm/2.3.3/grizzly-rcm-2.3.3.jar:/Users/netowsolutions/.m2/repository/org/testng/testng/7.0.0/testng-7.0.0.jar:/Users/netowsolutions/.m2/repository/com/beust/jcommander/1.72/jcommander-1.72.jar:/Users/netowsolutions/.m2/repository/log4j/log4j/1.2.17/log4j-1.2.17.jar:/Users/netowsolutions/.m2/repository/org/apache/poi/poi/4.1.0/poi-4.1.0.jar:/Users/netowsolutions/.m2/repository/commons-codec/commons-codec/1.12/commons-codec-1.12.jar:/Users/netowsolutions/.m2/repository/org/apache/commons/commons-math3/3.6.1/commons-math3-3.6.1.jar:/Users/netowsolutions/.m2/repository/org/apache/poi/poi-ooxml/4.1.0/poi-ooxml-4.1.0.jar:/Users/netowsolutions/.m2/repository/org/apache/commons/commons-compress/1.18/commons-compress-1.18.jar:/Users/netowsolutions/.m2/repository/com/github/virtuald/curvesapi/1.06/curvesapi-1.06.jar:/Users/netowsolutions/.m2/repository/org/apache/poi/poi-ooxml-schemas/4.1.0/poi-ooxml-schemas-4.1.0.jar:/Users/netowsolutions/.m2/repository/org/apache/xmlbeans/xmlbeans/3.1.0/xmlbeans-3.1.0.jar:/Users/netowsolutions/.m2/repository/org/apache/commons/commons-collections4/4.1/commons-collections4-4.1.jar:/Users/netowsolutions/.m2/repository/commons-logging/commons-logging/1.2/commons-logging-1.2.jar:/Users/netowsolutions/.m2/repository/commons-configuration/commons-configuration/1.10/commons-configuration-1.10.jar:/Users/netowsolutions/.m2/repository/commons-lang/commons-lang/2.6/commons-lang-2.6.jar:"/>
    <property name="java.vm.vendor" value="Oracle Corporation"/>
    <property name="sun.arch.data.model" value="64"/>
    <property name="java.vendor.url" value="https://java.oracle.com/"/>
    <property name="os.name" value="Mac OS X"/>
    <property name="java.vm.specification.version" value="13"/>
    <property name="sun.java.launcher" value="SUN_STANDARD"/>
    <property name="user.country" value="NG"/>
    <property name="sun.boot.library.path" value="/Library/Java/JavaVirtualMachines/jdk-13.0.1.jdk/Contents/Home/lib"/>
    <property name="sun.java.command" value="/Users/netowsolutions/Documents/Parallelscore/Mobile-Automation/mc-appium/target/surefire/surefirebooter2461789232292498409.jar /Users/netowsolutions/Documents/Parallelscore/Mobile-Automation/mc-appium/target/surefire 2020-04-01T10-56-50_657-jvmRun1 surefire11256488160481711302tmp surefire_08409671588442290809tmp"/>
    <property name="http.nonProxyHosts" value="local|*.local|169.254/16|*.169.254/16"/>
    <property name="jdk.debug" value="release"/>
    <property name="surefire.test.class.path" value="/Users/netowsolutions/Documents/Parallelscore/Mobile-Automation/mc-appium/target/test-classes:/Users/netowsolutions/Documents/Parallelscore/Mobile-Automation/mc-appium/target/classes:/Users/netowsolutions/.m2/repository/com/microsoft/appcenter/appium-test-extension/1.5/appium-test-extension-1.5.jar:/Users/netowsolutions/.m2/repository/net/sourceforge/streamsupport/streamsupport/1.5.1/streamsupport-1.5.1.jar:/Users/netowsolutions/.m2/repository/org/javassist/javassist/3.20.0-GA/javassist-3.20.0-GA.jar:/Users/netowsolutions/.m2/repository/junit/junit/4.12/junit-4.12.jar:/Users/netowsolutions/.m2/repository/org/hamcrest/hamcrest-core/1.3/hamcrest-core-1.3.jar:/Users/netowsolutions/.m2/repository/org/seleniumhq/selenium/selenium-java/3.141.59/selenium-java-3.141.59.jar:/Users/netowsolutions/.m2/repository/org/seleniumhq/selenium/selenium-api/3.141.59/selenium-api-3.141.59.jar:/Users/netowsolutions/.m2/repository/org/seleniumhq/selenium/selenium-chrome-driver/3.141.59/selenium-chrome-driver-3.141.59.jar:/Users/netowsolutions/.m2/repository/org/seleniumhq/selenium/selenium-edge-driver/3.141.59/selenium-edge-driver-3.141.59.jar:/Users/netowsolutions/.m2/repository/org/seleniumhq/selenium/selenium-firefox-driver/3.141.59/selenium-firefox-driver-3.141.59.jar:/Users/netowsolutions/.m2/repository/org/seleniumhq/selenium/selenium-ie-driver/3.141.59/selenium-ie-driver-3.141.59.jar:/Users/netowsolutions/.m2/repository/org/seleniumhq/selenium/selenium-opera-driver/3.141.59/selenium-opera-driver-3.141.59.jar:/Users/netowsolutions/.m2/repository/org/seleniumhq/selenium/selenium-remote-driver/3.141.59/selenium-remote-driver-3.141.59.jar:/Users/netowsolutions/.m2/repository/org/seleniumhq/selenium/selenium-safari-driver/3.141.59/selenium-safari-driver-3.141.59.jar:/Users/netowsolutions/.m2/repository/org/seleniumhq/selenium/selenium-support/3.141.59/selenium-support-3.141.59.jar:/Users/netowsolutions/.m2/repository/net/bytebuddy/byte-buddy/1.8.15/byte-buddy-1.8.15.jar:/Users/netowsolutions/.m2/repository/org/apache/commons/commons-exec/1.3/commons-exec-1.3.jar:/Users/netowsolutions/.m2/repository/com/google/guava/guava/25.0-jre/guava-25.0-jre.jar:/Users/netowsolutions/.m2/repository/com/google/code/findbugs/jsr305/1.3.9/jsr305-1.3.9.jar:/Users/netowsolutions/.m2/repository/org/checkerframework/checker-compat-qual/2.0.0/checker-compat-qual-2.0.0.jar:/Users/netowsolutions/.m2/repository/com/google/errorprone/error_prone_annotations/2.1.3/error_prone_annotations-2.1.3.jar:/Users/netowsolutions/.m2/repository/com/google/j2objc/j2objc-annotations/1.1/j2objc-annotations-1.1.jar:/Users/netowsolutions/.m2/repository/org/codehaus/mojo/animal-sniffer-annotations/1.14/animal-sniffer-annotations-1.14.jar:/Users/netowsolutions/.m2/repository/com/squareup/okhttp3/okhttp/3.11.0/okhttp-3.11.0.jar:/Users/netowsolutions/.m2/repository/com/squareup/okio/okio/1.14.0/okio-1.14.0.jar:/Users/netowsolutions/.m2/repository/io/appium/java-client/6.0.0/java-client-6.0.0.jar:/Users/netowsolutions/.m2/repository/com/google/code/gson/gson/2.8.4/gson-2.8.4.jar:/Users/netowsolutions/.m2/repository/org/apache/httpcomponents/httpclient/4.5.5/httpclient-4.5.5.jar:/Users/netowsolutions/.m2/repository/org/apache/httpcomponents/httpcore/4.4.9/httpcore-4.4.9.jar:/Users/netowsolutions/.m2/repository/cglib/cglib/3.2.6/cglib-3.2.6.jar:/Users/netowsolutions/.m2/repository/org/ow2/asm/asm/6.0/asm-6.0.jar:/Users/netowsolutions/.m2/repository/org/apache/ant/ant/1.9.6/ant-1.9.6.jar:/Users/netowsolutions/.m2/repository/org/apache/ant/ant-launcher/1.9.6/ant-launcher-1.9.6.jar:/Users/netowsolutions/.m2/repository/commons-validator/commons-validator/1.6/commons-validator-1.6.jar:/Users/netowsolutions/.m2/repository/commons-beanutils/commons-beanutils/1.9.2/commons-beanutils-1.9.2.jar:/Users/netowsolutions/.m2/repository/commons-digester/commons-digester/1.8.1/commons-digester-1.8.1.jar:/Users/netowsolutions/.m2/repository/commons-collections/commons-collections/3.2.2/commons-collections-3.2.2.jar:/Users/netowsolutions/.m2/repository/org/apache/commons/commons-lang3/3.7/commons-lang3-3.7.jar:/Users/netowsolutions/.m2/repository/commons-io/commons-io/2.6/commons-io-2.6.jar:/Users/netowsolutions/.m2/repository/org/springframework/spring-context/5.0.5.RELEASE/spring-context-5.0.5.RELEASE.jar:/Users/netowsolutions/.m2/repository/org/springframework/spring-aop/5.0.5.RELEASE/spring-aop-5.0.5.RELEASE.jar:/Users/netowsolutions/.m2/repository/org/springframework/spring-beans/5.0.5.RELEASE/spring-beans-5.0.5.RELEASE.jar:/Users/netowsolutions/.m2/repository/org/springframework/spring-core/5.0.5.RELEASE/spring-core-5.0.5.RELEASE.jar:/Users/netowsolutions/.m2/repository/org/springframework/spring-jcl/5.0.5.RELEASE/spring-jcl-5.0.5.RELEASE.jar:/Users/netowsolutions/.m2/repository/org/springframework/spring-expression/5.0.5.RELEASE/spring-expression-5.0.5.RELEASE.jar:/Users/netowsolutions/.m2/repository/org/aspectj/aspectjweaver/1.9.1/aspectjweaver-1.9.1.jar:/Users/netowsolutions/.m2/repository/org/openpnp/opencv/3.2.0-1/opencv-3.2.0-1.jar:/Users/netowsolutions/.m2/repository/javax/websocket/javax.websocket-api/1.1/javax.websocket-api-1.1.jar:/Users/netowsolutions/.m2/repository/org/glassfish/tyrus/tyrus-client/1.13.1/tyrus-client-1.13.1.jar:/Users/netowsolutions/.m2/repository/org/glassfish/tyrus/tyrus-core/1.13.1/tyrus-core-1.13.1.jar:/Users/netowsolutions/.m2/repository/org/glassfish/tyrus/tyrus-spi/1.13.1/tyrus-spi-1.13.1.jar:/Users/netowsolutions/.m2/repository/org/glassfish/tyrus/tyrus-container-grizzly/1.2.1/tyrus-container-grizzly-1.2.1.jar:/Users/netowsolutions/.m2/repository/org/glassfish/grizzly/grizzly-framework/2.3.3/grizzly-framework-2.3.3.jar:/Users/netowsolutions/.m2/repository/org/glassfish/grizzly/grizzly-http-server/2.3.3/grizzly-http-server-2.3.3.jar:/Users/netowsolutions/.m2/repository/org/glassfish/grizzly/grizzly-http/2.3.3/grizzly-http-2.3.3.jar:/Users/netowsolutions/.m2/repository/org/glassfish/grizzly/grizzly-rcm/2.3.3/grizzly-rcm-2.3.3.jar:/Users/netowsolutions/.m2/repository/org/testng/testng/7.0.0/testng-7.0.0.jar:/Users/netowsolutions/.m2/repository/com/beust/jcommander/1.72/jcommander-1.72.jar:/Users/netowsolutions/.m2/repository/log4j/log4j/1.2.17/log4j-1.2.17.jar:/Users/netowsolutions/.m2/repository/org/apache/poi/poi/4.1.0/poi-4.1.0.jar:/Users/netowsolutions/.m2/repository/commons-codec/commons-codec/1.12/commons-codec-1.12.jar:/Users/netowsolutions/.m2/repository/org/apache/commons/commons-math3/3.6.1/commons-math3-3.6.1.jar:/Users/netowsolutions/.m2/repository/org/apache/poi/poi-ooxml/4.1.0/poi-ooxml-4.1.0.jar:/Users/netowsolutions/.m2/repository/org/apache/commons/commons-compress/1.18/commons-compress-1.18.jar:/Users/netowsolutions/.m2/repository/com/github/virtuald/curvesapi/1.06/curvesapi-1.06.jar:/Users/netowsolutions/.m2/repository/org/apache/poi/poi-ooxml-schemas/4.1.0/poi-ooxml-schemas-4.1.0.jar:/Users/netowsolutions/.m2/repository/org/apache/xmlbeans/xmlbeans/3.1.0/xmlbeans-3.1.0.jar:/Users/netowsolutions/.m2/repository/org/apache/commons/commons-collections4/4.1/commons-collections4-4.1.jar:/Users/netowsolutions/.m2/repository/commons-logging/commons-logging/1.2/commons-logging-1.2.jar:/Users/netowsolutions/.m2/repository/commons-configuration/commons-configuration/1.10/commons-configuration-1.10.jar:/Users/netowsolutions/.m2/repository/commons-lang/commons-lang/2.6/commons-lang-2.6.jar:"/>
    <property name="sun.cpu.endian" value="little"/>
    <property name="user.home" value="/Users/netowsolutions"/>
    <property name="user.language" value="en"/>
    <property name="java.specification.vendor" value="Oracle Corporation"/>
    <property name="java.version.date" value="2019-10-15"/>
    <property name="java.home" value="/Library/Java/JavaVirtualMachines/jdk-13.0.1.jdk/Contents/Home"/>
    <property name="file.separator" value="/"/>
    <property name="basedir" value="/Users/netowsolutions/Documents/Parallelscore/Mobile-Automation/mc-appium"/>
    <property name="java.vm.compressedOopsMode" value="Zero based"/>
    <property name="line.separator" value="&#10;"/>
    <property name="java.specification.name" value="Java Platform API Specification"/>
    <property name="java.vm.specification.vendor" value="Oracle Corporation"/>
    <property name="surefire.real.class.path" value="/Users/netowsolutions/Documents/Parallelscore/Mobile-Automation/mc-appium/target/surefire/surefirebooter2461789232292498409.jar"/>
    <property name="sun.management.compiler" value="HotSpot 64-Bit Tiered Compilers"/>
    <property name="ftp.nonProxyHosts" value="local|*.local|169.254/16|*.169.254/16"/>
    <property name="java.runtime.version" value="13.0.1+9"/>
    <property name="user.name" value="a2015"/>
    <property name="path.separator" value=":"/>
    <property name="os.version" value="10.15.2"/>
    <property name="java.runtime.name" value="Java(TM) SE Runtime Environment"/>
    <property name="file.encoding" value="UTF-8"/>
    <property name="java.vm.name" value="Java HotSpot(TM) 64-Bit Server VM"/>
    <property name="localRepository" value="/Users/netowsolutions/.m2/repository"/>
    <property name="java.vendor.url.bug" value="https://bugreport.java.com/bugreport/"/>
    <property name="java.io.tmpdir" value="/var/folders/lm/7zyqdbxd0wxgypff46smhhlh0000gn/T/"/>
    <property name="java.version" value="13.0.1"/>
    <property name="user.dir" value="/Users/netowsolutions/Documents/Parallelscore/Mobile-Automation/mc-appium"/>
    <property name="os.arch" value="x86_64"/>
    <property name="java.vm.specification.name" value="Java Virtual Machine Specification"/>
    <property name="java.library.path" value="/Users/netowsolutions/Library/Java/Extensions:/Library/Java/Extensions:/Network/Library/Java/Extensions:/System/Library/Java/Extensions:/usr/lib/java:."/>
    <property name="java.vm.info" value="mixed mode, sharing"/>
    <property name="java.vendor" value="Oracle Corporation"/>
    <property name="java.vm.version" value="13.0.1+9"/>
    <property name="sun.io.unicode.encoding" value="UnicodeBig"/>
    <property name="socksNonProxyHosts" value="local|*.local|169.254/16|*.169.254/16"/>
    <property name="java.class.version" value="57.0"/>
  </properties>
  <testcase name="Capabilities" classname="appiumTest.TestCase.Rough" time="0.82">
    <failure message="It is impossible to create a new session because &apos;createSession&apos; which takes HttpClient, InputStream and long was not found or it is not accessible&#10;Build info: version: &apos;3.141.59&apos;, revision: &apos;e82be7d358&apos;, time: &apos;2018-11-14T08:17:03&apos;&#10;System info: host: &apos;2015s-MacBook-Pro.local&apos;, ip: &apos;fe80:0:0:0:c87:b75:8bca:a7b3%en0&apos;, os.name: &apos;Mac OS X&apos;, os.arch: &apos;x86_64&apos;, os.version: &apos;10.15.2&apos;, java.version: &apos;13.0.1&apos;&#10;Driver info: driver.version: EnhancedAndroidDriver" type="org.openqa.selenium.WebDriverException">org.openqa.selenium.WebDriverException: 
It is impossible to create a new session because 'createSession' which takes HttpClient, InputStream and long was not found or it is not accessible
Build info: version: '3.141.59', revision: 'e82be7d358', time: '2018-11-14T08:17:03'
System info: host: '2015s-MacBook-Pro.local', ip: 'fe80:0:0:0:c87:b75:8bca:a7b3%en0', os.name: 'Mac OS X', os.arch: 'x86_64', os.version: '10.15.2', java.version: '13.0.1'
Driver info: driver.version: EnhancedAndroidDriver
Caused by: java.lang.reflect.InvocationTargetException
Caused by: org.openqa.selenium.WebDriverException: 
An unknown server-side error occurred while processing the command. Original error: The application at '/Users/netowsolutions/Documents/Parallelscore/Mobile-Automation/mc-appium/src/test/resources/executables/app-release.apk' does not exist or is not accessible
Build info: version: '3.141.59', revision: 'e82be7d358', time: '2018-11-14T08:17:03'
System info: host: '2015s-MacBook-Pro.local', ip: 'fe80:0:0:0:c87:b75:8bca:a7b3%en0', os.name: 'Mac OS X', os.arch: 'x86_64', os.version: '10.15.2', java.version: '13.0.1'
Driver info: driver.version: EnhancedAndroidDriver
remote stacktrace: UnknownError: An unknown server-side error occurred while processing the command. Original error: The application at '/Users/netowsolutions/Documents/Parallelscore/Mobile-Automation/mc-appium/src/test/resources/executables/app-release.apk' does not exist or is not accessible
    at getResponseForW3CError (/Users/netowsolutions/.nvm/versions/node/v10.15.2/lib/node_modules/appium/node_modules/appium-base-driver/lib/protocol/errors.js:804:9)
    at asyncHandler (/Users/netowsolutions/.nvm/versions/node/v10.15.2/lib/node_modules/appium/node_modules/appium-base-driver/lib/protocol/protocol.js:388:37)
</failure>
    <system-err><![CDATA[log4j:WARN No appenders could be found for logger (devpinoyLogger).
log4j:WARN Please initialize the log4j system properly.
log4j:WARN See http://logging.apache.org/log4j/1.2/faq.html#noconfig for more info.
]]></system-err>
  </testcase>
  <testcase name="setUp" classname="appiumTest.TestCase.Rough" time="0">
    <skipped/>
  </testcase>
  <testcase name="loginR" classname="appiumTest.TestCase.Rough" time="0">
    <skipped message="It is impossible to create a new session because &apos;createSession&apos; which takes HttpClient, InputStream and long was not found or it is not accessible&#10;Build info: version: &apos;3.141.59&apos;, revision: &apos;e82be7d358&apos;, time: &apos;2018-11-14T08:17:03&apos;&#10;System info: host: &apos;2015s-MacBook-Pro.local&apos;, ip: &apos;fe80:0:0:0:c87:b75:8bca:a7b3%en0&apos;, os.name: &apos;Mac OS X&apos;, os.arch: &apos;x86_64&apos;, os.version: &apos;10.15.2&apos;, java.version: &apos;13.0.1&apos;&#10;Driver info: driver.version: EnhancedAndroidDriver"/>
  </testcase>
  <testcase name="TearDown" classname="appiumTest.TestCase.Rough" time="0">
    <skipped/>
  </testcase>
</testsuite>